<?xml version="1.0" encoding="UTF-8"?>
<testng-results ignored="0" total="1" passed="1" failed="0" skipped="0">
  <reporter-output>
  </reporter-output>
  <suite started-at="2018-06-23T21:08:13Z" name="suite1" finished-at="2018-06-23T21:08:21Z" duration-ms="8148">
    <groups>
    </groups>
    <test started-at="2018-06-23T21:08:13Z" name="starttest" finished-at="2018-06-23T21:08:21Z" duration-ms="8148">
      <class name="Alltests.First_test">
        <test-method signature="testfirstcase()[pri:0, instance:Alltests.First_test@2a4fb17b]" started-at="2018-06-23T21:08:13Z" name="testfirstcase" finished-at="2018-06-23T21:08:21Z" duration-ms="8102" status="PASS">
          <reporter-output>
          </reporter-output>
        </test-method> <!-- testfirstcase -->
      </class> <!-- Alltests.First_test -->
    </test> <!-- starttest -->
  </suite> <!-- suite1 -->
</testng-results>
